The system is: Linux - 5.15.133.1-microsoft-standard-WSL2 - x86_64
Compiling the C compiler identification source file "CMakeCCompilerId.c" succeeded.
Compiler: /opt/intel/oneapi/compiler/2024.0/bin/icx 
Build flags: 
Id flags:  

The output was:
0


Compilation of the C compiler identification source "CMakeCCompilerId.c" produced "a.out"

The C compiler identification is IntelLLVM, found in "/home/vt/git_target/hpa-2110452-min-dom-set/cmake-build-release-wsl-intel/CMakeFiles/3.22.1/CompilerIdC/a.out"

Compiling the CXX compiler identification source file "CMakeCXXCompilerId.cpp" succeeded.
Compiler: /opt/intel/oneapi/compiler/2024.0/bin/icpx 
Build flags: 
Id flags:  

The output was:
0


Compilation of the CXX compiler identification source "CMakeCXXCompilerId.cpp" produced "a.out"

The CXX compiler identification is IntelLLVM, found in "/home/vt/git_target/hpa-2110452-min-dom-set/cmake-build-release-wsl-intel/CMakeFiles/3.22.1/CompilerIdCXX/a.out"

Detecting C compiler ABI info compiled with the following output:
Change Dir: /home/vt/git_target/hpa-2110452-min-dom-set/cmake-build-release-wsl-intel/CMakeFiles/CMakeTmp

Run Build Command(s):/usr/bin/gmake -f Makefile cmTC_b0b8c/fast && /usr/bin/gmake  -f CMakeFiles/cmTC_b0b8c.dir/build.make CMakeFiles/cmTC_b0b8c.dir/build
gmake[1]: Entering directory '/home/vt/git_target/hpa-2110452-min-dom-set/cmake-build-release-wsl-intel/CMakeFiles/CMakeTmp'
Building C object CMakeFiles/cmTC_b0b8c.dir/CMakeCCompilerABI.c.o
/opt/intel/oneapi/compiler/2024.0/bin/icx   -v -MD -MT CMakeFiles/cmTC_b0b8c.dir/CMakeCCompilerABI.c.o -MF CMakeFiles/cmTC_b0b8c.dir/CMakeCCompilerABI.c.o.d -o CMakeFiles/cmTC_b0b8c.dir/CMakeCCompilerABI.c.o -c /usr/share/cmake-3.22/Modules/CMakeCCompilerABI.c
Intel(R) oneAPI DPC++/C++ Compiler 2024.0.2 (2024.0.2.20231213)
Target: x86_64-unknown-linux-gnu
Thread model: posix
InstalledDir: /opt/intel/oneapi/compiler/2024.0/bin/compiler
Configuration file: /opt/intel/oneapi/compiler/2024.0/bin/compiler/../icx.cfg
Found candidate GCC installation: /usr/lib/gcc/x86_64-linux-gnu/11
Selected GCC installation: /usr/lib/gcc/x86_64-linux-gnu/11
Candidate multilib: .;@m64
Selected multilib: .;@m64
Found CUDA installation: /usr/local/cuda, version 
 (in-process)
 "/opt/intel/oneapi/compiler/2024.0/bin/compiler/clang" -cc1 -triple x86_64-unknown-linux-gnu -emit-obj -disable-free -clear-ast-before-backend -disable-llvm-verifier -discard-value-names -main-file-name CMakeCCompilerABI.c -mrelocation-model static -fveclib=SVML -mframe-pointer=none -menable-no-infs -menable-no-nans -fapprox-func -funsafe-math-optimizations -fno-signed-zeros -mreassociate -freciprocal-math -fdenormal-fp-math=preserve-sign,preserve-sign -ffp-contract=fast -fno-rounding-math -ffast-math -ffinite-math-only -mconstructor-aliases -funwind-tables=2 -target-cpu x86-64 -mllvm -x86-enable-unaligned-vector-move=true -tune-cpu generic -debugger-tuning=gdb -v -fcoverage-compilation-dir=/home/vt/git_target/hpa-2110452-min-dom-set/cmake-build-release-wsl-intel/CMakeFiles/CMakeTmp -resource-dir /opt/intel/oneapi/compiler/2024.0/lib/clang/17 -dependency-file CMakeFiles/cmTC_b0b8c.dir/CMakeCCompilerABI.c.o.d -MT CMakeFiles/cmTC_b0b8c.dir/CMakeCCompilerABI.c.o -sys-header-deps -canonical-system-headers -internal-isystem /opt/intel/oneapi/compiler/2024.0/bin/compiler/../../opt/compiler/include -internal-isystem /opt/intel/oneapi/compiler/2024.0/lib/clang/17/include -internal-isystem /usr/local/include -internal-isystem /usr/lib/gcc/x86_64-linux-gnu/11/../../../../x86_64-linux-gnu/include -internal-externc-isystem /usr/include/x86_64-linux-gnu -internal-externc-isystem /include -internal-externc-isystem /usr/include -O2 -fdebug-compilation-dir=/home/vt/git_target/hpa-2110452-min-dom-set/cmake-build-release-wsl-intel/CMakeFiles/CMakeTmp -ferror-limit 19 -fheinous-gnu-extensions -fgnuc-version=4.2.1 -vectorize-loops -vectorize-slp -D__GCC_HAVE_DWARF2_CFI_ASM=1 -fintel-compatibility -fintel-libirc-allowed -mllvm -disable-hir-generate-mkl-call -mllvm -loopopt=1 -floopopt-pipeline=light -mllvm -intel-abi-compatible=true -o CMakeFiles/cmTC_b0b8c.dir/CMakeCCompilerABI.c.o -x c /usr/share/cmake-3.22/Modules/CMakeCCompilerABI.c
clang -cc1 version 17.0.0 based upon LLVM 17.0.0git default target x86_64-unknown-linux-gnu
ignoring nonexistent directory "/usr/lib/gcc/x86_64-linux-gnu/11/../../../../x86_64-linux-gnu/include"
ignoring nonexistent directory "/include"
#include "..." search starts here:
#include <...> search starts here:
 /opt/intel/oneapi/compiler/2024.0/bin/compiler/../../opt/compiler/include
 /opt/intel/oneapi/compiler/2024.0/lib/clang/17/include
 /usr/local/include
 /usr/include/x86_64-linux-gnu
 /usr/include
End of search list.
Linking C executable cmTC_b0b8c
/usr/bin/cmake -E cmake_link_script CMakeFiles/cmTC_b0b8c.dir/link.txt --verbose=1
/opt/intel/oneapi/compiler/2024.0/bin/icx  -v CMakeFiles/cmTC_b0b8c.dir/CMakeCCompilerABI.c.o -o cmTC_b0b8c 
Intel(R) oneAPI DPC++/C++ Compiler 2024.0.2 (2024.0.2.20231213)
Target: x86_64-unknown-linux-gnu
Thread model: posix
InstalledDir: /opt/intel/oneapi/compiler/2024.0/bin/compiler
Configuration file: /opt/intel/oneapi/compiler/2024.0/bin/compiler/../icx.cfg
Found candidate GCC installation: /usr/lib/gcc/x86_64-linux-gnu/11
Selected GCC installation: /usr/lib/gcc/x86_64-linux-gnu/11
Candidate multilib: .;@m64
Selected multilib: .;@m64
Found CUDA installation: /usr/local/cuda, version 
 "/usr/bin/ld" -z relro --hash-style=gnu --eh-frame-hdr -m elf_x86_64 -dynamic-linker /lib64/ld-linux-x86-64.so.2 -o cmTC_b0b8c /lib/x86_64-linux-gnu/Scrt1.o /lib/x86_64-linux-gnu/crti.o /usr/lib/gcc/x86_64-linux-gnu/11/crtbeginS.o -L/opt/intel/oneapi/compiler/2024.0/bin/compiler/../../lib -L/opt/intel/oneapi/compiler/2024.0/bin/compiler/../../lib -L/opt/intel/oneapi/compiler/2024.0/lib/clang/17/lib/x86_64-unknown-linux-gnu -L/opt/intel/oneapi/compiler/2024.0/bin/compiler/../../lib -L/usr/lib/gcc/x86_64-linux-gnu/11 -L/usr/lib/gcc/x86_64-linux-gnu/11/../../../../lib64 -L/lib/x86_64-linux-gnu -L/lib/../lib64 -L/usr/lib/x86_64-linux-gnu -L/usr/lib/../lib64 -L/usr/lib/gcc/x86_64-linux-gnu/11/../../.. -L/opt/intel/oneapi/compiler/2024.0/bin/compiler/../../lib -L/opt/intel/oneapi/compiler/2024.0/bin/compiler/../../opt/compiler/lib -L/lib -L/usr/lib CMakeFiles/cmTC_b0b8c.dir/CMakeCCompilerABI.c.o -Bstatic -lsvml -Bdynamic -Bstatic -lirng -Bdynamic -Bstatic -limf -Bdynamic -lm -lgcc --as-needed -lgcc_s --no-as-needed -Bstatic -lirc -Bdynamic -ldl -lgcc --as-needed -lgcc_s --no-as-needed -lc -lgcc --as-needed -lgcc_s --no-as-needed -Bstatic -lirc_s -Bdynamic /usr/lib/gcc/x86_64-linux-gnu/11/crtendS.o /lib/x86_64-linux-gnu/crtn.o
gmake[1]: Leaving directory '/home/vt/git_target/hpa-2110452-min-dom-set/cmake-build-release-wsl-intel/CMakeFiles/CMakeTmp'



Parsed C implicit include dir info from above output: rv=done
  found start of include info
  found start of implicit include info
    add: [/opt/intel/oneapi/compiler/2024.0/bin/compiler/../../opt/compiler/include]
    add: [/opt/intel/oneapi/compiler/2024.0/lib/clang/17/include]
    add: [/usr/local/include]
    add: [/usr/include/x86_64-linux-gnu]
    add: [/usr/include]
  end of search list found
  collapse include dir [/opt/intel/oneapi/compiler/2024.0/bin/compiler/../../opt/compiler/include] ==> [/opt/intel/oneapi/compiler/2024.0/opt/compiler/include]
  collapse include dir [/opt/intel/oneapi/compiler/2024.0/lib/clang/17/include] ==> [/opt/intel/oneapi/compiler/2024.0/lib/clang/17/include]
  collapse include dir [/usr/local/include] ==> [/usr/local/include]
  collapse include dir [/usr/include/x86_64-linux-gnu] ==> [/usr/include/x86_64-linux-gnu]
  collapse include dir [/usr/include] ==> [/usr/include]
  implicit include dirs: [/opt/intel/oneapi/compiler/2024.0/opt/compiler/include;/opt/intel/oneapi/compiler/2024.0/lib/clang/17/include;/usr/local/include;/usr/include/x86_64-linux-gnu;/usr/include]


Parsed C implicit link information from above output:
  link line regex: [^( *|.*[/\])(ld|CMAKE_LINK_STARTFILE-NOTFOUND|([^/\]+-)?ld|collect2)[^/\]*( |$)]
  ignore line: [Change Dir: /home/vt/git_target/hpa-2110452-min-dom-set/cmake-build-release-wsl-intel/CMakeFiles/CMakeTmp]
  ignore line: []
  ignore line: [Run Build Command(s):/usr/bin/gmake -f Makefile cmTC_b0b8c/fast && /usr/bin/gmake  -f CMakeFiles/cmTC_b0b8c.dir/build.make CMakeFiles/cmTC_b0b8c.dir/build]
  ignore line: [gmake[1]: Entering directory '/home/vt/git_target/hpa-2110452-min-dom-set/cmake-build-release-wsl-intel/CMakeFiles/CMakeTmp']
  ignore line: [Building C object CMakeFiles/cmTC_b0b8c.dir/CMakeCCompilerABI.c.o]
  ignore line: [/opt/intel/oneapi/compiler/2024.0/bin/icx   -v -MD -MT CMakeFiles/cmTC_b0b8c.dir/CMakeCCompilerABI.c.o -MF CMakeFiles/cmTC_b0b8c.dir/CMakeCCompilerABI.c.o.d -o CMakeFiles/cmTC_b0b8c.dir/CMakeCCompilerABI.c.o -c /usr/share/cmake-3.22/Modules/CMakeCCompilerABI.c]
  ignore line: [Intel(R) oneAPI DPC++/C++ Compiler 2024.0.2 (2024.0.2.20231213)]
  ignore line: [Target: x86_64-unknown-linux-gnu]
  ignore line: [Thread model: posix]
  ignore line: [InstalledDir: /opt/intel/oneapi/compiler/2024.0/bin/compiler]
  ignore line: [Configuration file: /opt/intel/oneapi/compiler/2024.0/bin/compiler/../icx.cfg]
  ignore line: [Found candidate GCC installation: /usr/lib/gcc/x86_64-linux-gnu/11]
  ignore line: [Selected GCC installation: /usr/lib/gcc/x86_64-linux-gnu/11]
  ignore line: [Candidate multilib: .]
  ignore line: [@m64]
  ignore line: [Selected multilib: .]
  ignore line: [@m64]
  ignore line: [Found CUDA installation: /usr/local/cuda  version ]
  ignore line: [ (in-process)]
  ignore line: [ "/opt/intel/oneapi/compiler/2024.0/bin/compiler/clang" -cc1 -triple x86_64-unknown-linux-gnu -emit-obj -disable-free -clear-ast-before-backend -disable-llvm-verifier -discard-value-names -main-file-name CMakeCCompilerABI.c -mrelocation-model static -fveclib=SVML -mframe-pointer=none -menable-no-infs -menable-no-nans -fapprox-func -funsafe-math-optimizations -fno-signed-zeros -mreassociate -freciprocal-math -fdenormal-fp-math=preserve-sign preserve-sign -ffp-contract=fast -fno-rounding-math -ffast-math -ffinite-math-only -mconstructor-aliases -funwind-tables=2 -target-cpu x86-64 -mllvm -x86-enable-unaligned-vector-move=true -tune-cpu generic -debugger-tuning=gdb -v -fcoverage-compilation-dir=/home/vt/git_target/hpa-2110452-min-dom-set/cmake-build-release-wsl-intel/CMakeFiles/CMakeTmp -resource-dir /opt/intel/oneapi/compiler/2024.0/lib/clang/17 -dependency-file CMakeFiles/cmTC_b0b8c.dir/CMakeCCompilerABI.c.o.d -MT CMakeFiles/cmTC_b0b8c.dir/CMakeCCompilerABI.c.o -sys-header-deps -canonical-system-headers -internal-isystem /opt/intel/oneapi/compiler/2024.0/bin/compiler/../../opt/compiler/include -internal-isystem /opt/intel/oneapi/compiler/2024.0/lib/clang/17/include -internal-isystem /usr/local/include -internal-isystem /usr/lib/gcc/x86_64-linux-gnu/11/../../../../x86_64-linux-gnu/include -internal-externc-isystem /usr/include/x86_64-linux-gnu -internal-externc-isystem /include -internal-externc-isystem /usr/include -O2 -fdebug-compilation-dir=/home/vt/git_target/hpa-2110452-min-dom-set/cmake-build-release-wsl-intel/CMakeFiles/CMakeTmp -ferror-limit 19 -fheinous-gnu-extensions -fgnuc-version=4.2.1 -vectorize-loops -vectorize-slp -D__GCC_HAVE_DWARF2_CFI_ASM=1 -fintel-compatibility -fintel-libirc-allowed -mllvm -disable-hir-generate-mkl-call -mllvm -loopopt=1 -floopopt-pipeline=light -mllvm -intel-abi-compatible=true -o CMakeFiles/cmTC_b0b8c.dir/CMakeCCompilerABI.c.o -x c /usr/share/cmake-3.22/Modules/CMakeCCompilerABI.c]
  ignore line: [clang -cc1 version 17.0.0 based upon LLVM 17.0.0git default target x86_64-unknown-linux-gnu]
  ignore line: [ignoring nonexistent directory "/usr/lib/gcc/x86_64-linux-gnu/11/../../../../x86_64-linux-gnu/include"]
  ignore line: [ignoring nonexistent directory "/include"]
  ignore line: [#include "..." search starts here:]
  ignore line: [#include <...> search starts here:]
  ignore line: [ /opt/intel/oneapi/compiler/2024.0/bin/compiler/../../opt/compiler/include]
  ignore line: [ /opt/intel/oneapi/compiler/2024.0/lib/clang/17/include]
  ignore line: [ /usr/local/include]
  ignore line: [ /usr/include/x86_64-linux-gnu]
  ignore line: [ /usr/include]
  ignore line: [End of search list.]
  ignore line: [Linking C executable cmTC_b0b8c]
  ignore line: [/usr/bin/cmake -E cmake_link_script CMakeFiles/cmTC_b0b8c.dir/link.txt --verbose=1]
  ignore line: [/opt/intel/oneapi/compiler/2024.0/bin/icx  -v CMakeFiles/cmTC_b0b8c.dir/CMakeCCompilerABI.c.o -o cmTC_b0b8c ]
  ignore line: [Intel(R) oneAPI DPC++/C++ Compiler 2024.0.2 (2024.0.2.20231213)]
  ignore line: [Target: x86_64-unknown-linux-gnu]
  ignore line: [Thread model: posix]
  ignore line: [InstalledDir: /opt/intel/oneapi/compiler/2024.0/bin/compiler]
  ignore line: [Configuration file: /opt/intel/oneapi/compiler/2024.0/bin/compiler/../icx.cfg]
  ignore line: [Found candidate GCC installation: /usr/lib/gcc/x86_64-linux-gnu/11]
  ignore line: [Selected GCC installation: /usr/lib/gcc/x86_64-linux-gnu/11]
  ignore line: [Candidate multilib: .]
  ignore line: [@m64]
  ignore line: [Selected multilib: .]
  ignore line: [@m64]
  ignore line: [Found CUDA installation: /usr/local/cuda  version ]
  link line: [ "/usr/bin/ld" -z relro --hash-style=gnu --eh-frame-hdr -m elf_x86_64 -dynamic-linker /lib64/ld-linux-x86-64.so.2 -o cmTC_b0b8c /lib/x86_64-linux-gnu/Scrt1.o /lib/x86_64-linux-gnu/crti.o /usr/lib/gcc/x86_64-linux-gnu/11/crtbeginS.o -L/opt/intel/oneapi/compiler/2024.0/bin/compiler/../../lib -L/opt/intel/oneapi/compiler/2024.0/bin/compiler/../../lib -L/opt/intel/oneapi/compiler/2024.0/lib/clang/17/lib/x86_64-unknown-linux-gnu -L/opt/intel/oneapi/compiler/2024.0/bin/compiler/../../lib -L/usr/lib/gcc/x86_64-linux-gnu/11 -L/usr/lib/gcc/x86_64-linux-gnu/11/../../../../lib64 -L/lib/x86_64-linux-gnu -L/lib/../lib64 -L/usr/lib/x86_64-linux-gnu -L/usr/lib/../lib64 -L/usr/lib/gcc/x86_64-linux-gnu/11/../../.. -L/opt/intel/oneapi/compiler/2024.0/bin/compiler/../../lib -L/opt/intel/oneapi/compiler/2024.0/bin/compiler/../../opt/compiler/lib -L/lib -L/usr/lib CMakeFiles/cmTC_b0b8c.dir/CMakeCCompilerABI.c.o -Bstatic -lsvml -Bdynamic -Bstatic -lirng -Bdynamic -Bstatic -limf -Bdynamic -lm -lgcc --as-needed -lgcc_s --no-as-needed -Bstatic -lirc -Bdynamic -ldl -lgcc --as-needed -lgcc_s --no-as-needed -lc -lgcc --as-needed -lgcc_s --no-as-needed -Bstatic -lirc_s -Bdynamic /usr/lib/gcc/x86_64-linux-gnu/11/crtendS.o /lib/x86_64-linux-gnu/crtn.o]
    arg [/usr/bin/ld] ==> ignore
    arg [-zrelro] ==> ignore
    arg [--hash-style=gnu] ==> ignore
    arg [--eh-frame-hdr] ==> ignore
    arg [-m] ==> ignore
    arg [elf_x86_64] ==> ignore
    arg [-dynamic-linker] ==> ignore
    arg [/lib64/ld-linux-x86-64.so.2] ==> ignore
    arg [-o] ==> ignore
    arg [cmTC_b0b8c] ==> ignore
    arg [/lib/x86_64-linux-gnu/Scrt1.o] ==> obj [/lib/x86_64-linux-gnu/Scrt1.o]
    arg [/lib/x86_64-linux-gnu/crti.o] ==> obj [/lib/x86_64-linux-gnu/crti.o]
    arg [/usr/lib/gcc/x86_64-linux-gnu/11/crtbeginS.o] ==> obj [/usr/lib/gcc/x86_64-linux-gnu/11/crtbeginS.o]
    arg [-L/opt/intel/oneapi/compiler/2024.0/bin/compiler/../../lib] ==> dir [/opt/intel/oneapi/compiler/2024.0/bin/compiler/../../lib]
    arg [-L/opt/intel/oneapi/compiler/2024.0/bin/compiler/../../lib] ==> dir [/opt/intel/oneapi/compiler/2024.0/bin/compiler/../../lib]
    arg [-L/opt/intel/oneapi/compiler/2024.0/lib/clang/17/lib/x86_64-unknown-linux-gnu] ==> dir [/opt/intel/oneapi/compiler/2024.0/lib/clang/17/lib/x86_64-unknown-linux-gnu]
    arg [-L/opt/intel/oneapi/compiler/2024.0/bin/compiler/../../lib] ==> dir [/opt/intel/oneapi/compiler/2024.0/bin/compiler/../../lib]
    arg [-L/usr/lib/gcc/x86_64-linux-gnu/11] ==> dir [/usr/lib/gcc/x86_64-linux-gnu/11]
    arg [-L/usr/lib/gcc/x86_64-linux-gnu/11/../../../../lib64] ==> dir [/usr/lib/gcc/x86_64-linux-gnu/11/../../../../lib64]
    arg [-L/lib/x86_64-linux-gnu] ==> dir [/lib/x86_64-linux-gnu]
    arg [-L/lib/../lib64] ==> dir [/lib/../lib64]
    arg [-L/usr/lib/x86_64-linux-gnu] ==> dir [/usr/lib/x86_64-linux-gnu]
    arg [-L/usr/lib/../lib64] ==> dir [/usr/lib/../lib64]
    arg [-L/usr/lib/gcc/x86_64-linux-gnu/11/../../..] ==> dir [/usr/lib/gcc/x86_64-linux-gnu/11/../../..]
    arg [-L/opt/intel/oneapi/compiler/2024.0/bin/compiler/../../lib] ==> dir [/opt/intel/oneapi/compiler/2024.0/bin/compiler/../../lib]
    arg [-L/opt/intel/oneapi/compiler/2024.0/bin/compiler/../../opt/compiler/lib] ==> dir [/opt/intel/oneapi/compiler/2024.0/bin/compiler/../../opt/compiler/lib]
    arg [-L/lib] ==> dir [/lib]
    arg [-L/usr/lib] ==> dir [/usr/lib]
    arg [CMakeFiles/cmTC_b0b8c.dir/CMakeCCompilerABI.c.o] ==> ignore
    arg [-Bstatic] ==> search static
    arg [-lsvml] ==> lib [svml]
    arg [-Bdynamic] ==> search dynamic
    arg [-Bstatic] ==> search static
    arg [-lirng] ==> lib [irng]
    arg [-Bdynamic] ==> search dynamic
    arg [-Bstatic] ==> search static
    arg [-limf] ==> lib [imf]
    arg [-Bdynamic] ==> search dynamic
    arg [-lm] ==> lib [m]
    arg [-lgcc] ==> lib [gcc]
    arg [--as-needed] ==> ignore
    arg [-lgcc_s] ==> lib [gcc_s]
    arg [--no-as-needed] ==> ignore
    arg [-Bstatic] ==> search static
    arg [-lirc] ==> lib [irc]
    arg [-Bdynamic] ==> search dynamic
    arg [-ldl] ==> lib [dl]
    arg [-lgcc] ==> lib [gcc]
    arg [--as-needed] ==> ignore
    arg [-lgcc_s] ==> lib [gcc_s]
    arg [--no-as-needed] ==> ignore
    arg [-lc] ==> lib [c]
    arg [-lgcc] ==> lib [gcc]
    arg [--as-needed] ==> ignore
    arg [-lgcc_s] ==> lib [gcc_s]
    arg [--no-as-needed] ==> ignore
    arg [-Bstatic] ==> search static
    arg [-lirc_s] ==> lib [irc_s]
    arg [-Bdynamic] ==> search dynamic
    arg [/usr/lib/gcc/x86_64-linux-gnu/11/crtendS.o] ==> obj [/usr/lib/gcc/x86_64-linux-gnu/11/crtendS.o]
    arg [/lib/x86_64-linux-gnu/crtn.o] ==> obj [/lib/x86_64-linux-gnu/crtn.o]
  collapse library dir [/opt/intel/oneapi/compiler/2024.0/bin/compiler/../../lib] ==> [/opt/intel/oneapi/compiler/2024.0/lib]
  collapse library dir [/opt/intel/oneapi/compiler/2024.0/bin/compiler/../../lib] ==> [/opt/intel/oneapi/compiler/2024.0/lib]
  collapse library dir [/opt/intel/oneapi/compiler/2024.0/lib/clang/17/lib/x86_64-unknown-linux-gnu] ==> [/opt/intel/oneapi/compiler/2024.0/lib/clang/17/lib/x86_64-unknown-linux-gnu]
  collapse library dir [/opt/intel/oneapi/compiler/2024.0/bin/compiler/../../lib] ==> [/opt/intel/oneapi/compiler/2024.0/lib]
  collapse library dir [/usr/lib/gcc/x86_64-linux-gnu/11] ==> [/usr/lib/gcc/x86_64-linux-gnu/11]
  collapse library dir [/usr/lib/gcc/x86_64-linux-gnu/11/../../../../lib64] ==> [/usr/lib64]
  collapse library dir [/lib/x86_64-linux-gnu] ==> [/lib/x86_64-linux-gnu]
  collapse library dir [/lib/../lib64] ==> [/lib64]
  collapse library dir [/usr/lib/x86_64-linux-gnu] ==> [/usr/lib/x86_64-linux-gnu]
  collapse library dir [/usr/lib/../lib64] ==> [/usr/lib64]
  collapse library dir [/usr/lib/gcc/x86_64-linux-gnu/11/../../..] ==> [/usr/lib]
  collapse library dir [/opt/intel/oneapi/compiler/2024.0/bin/compiler/../../lib] ==> [/opt/intel/oneapi/compiler/2024.0/lib]
  collapse library dir [/opt/intel/oneapi/compiler/2024.0/bin/compiler/../../opt/compiler/lib] ==> [/opt/intel/oneapi/compiler/2024.0/opt/compiler/lib]
  collapse library dir [/lib] ==> [/lib]
  collapse library dir [/usr/lib] ==> [/usr/lib]
  implicit libs: [svml;irng;imf;m;gcc;gcc_s;irc;dl;gcc;gcc_s;c;gcc;gcc_s;irc_s]
  implicit objs: [/lib/x86_64-linux-gnu/Scrt1.o;/lib/x86_64-linux-gnu/crti.o;/usr/lib/gcc/x86_64-linux-gnu/11/crtbeginS.o;/usr/lib/gcc/x86_64-linux-gnu/11/crtendS.o;/lib/x86_64-linux-gnu/crtn.o]
  implicit dirs: [/opt/intel/oneapi/compiler/2024.0/lib;/opt/intel/oneapi/compiler/2024.0/lib/clang/17/lib/x86_64-unknown-linux-gnu;/usr/lib/gcc/x86_64-linux-gnu/11;/usr/lib64;/lib/x86_64-linux-gnu;/lib64;/usr/lib/x86_64-linux-gnu;/usr/lib;/opt/intel/oneapi/compiler/2024.0/opt/compiler/lib;/lib]
  implicit fwks: []


Detecting CXX compiler ABI info compiled with the following output:
Change Dir: /home/vt/git_target/hpa-2110452-min-dom-set/cmake-build-release-wsl-intel/CMakeFiles/CMakeTmp

Run Build Command(s):/usr/bin/gmake -f Makefile cmTC_c4df7/fast && /usr/bin/gmake  -f CMakeFiles/cmTC_c4df7.dir/build.make CMakeFiles/cmTC_c4df7.dir/build
gmake[1]: Entering directory '/home/vt/git_target/hpa-2110452-min-dom-set/cmake-build-release-wsl-intel/CMakeFiles/CMakeTmp'
Building CXX object CMakeFiles/cmTC_c4df7.dir/CMakeCXXCompilerABI.cpp.o
/opt/intel/oneapi/compiler/2024.0/bin/icpx   -v -MD -MT CMakeFiles/cmTC_c4df7.dir/CMakeCXXCompilerABI.cpp.o -MF CMakeFiles/cmTC_c4df7.dir/CMakeCXXCompilerABI.cpp.o.d -o CMakeFiles/cmTC_c4df7.dir/CMakeCXXCompilerABI.cpp.o -c /usr/share/cmake-3.22/Modules/CMakeCXXCompilerABI.cpp
Intel(R) oneAPI DPC++/C++ Compiler 2024.0.2 (2024.0.2.20231213)
Target: x86_64-unknown-linux-gnu
Thread model: posix
InstalledDir: /opt/intel/oneapi/compiler/2024.0/bin/compiler
Configuration file: /opt/intel/oneapi/compiler/2024.0/bin/compiler/../icpx.cfg
Found candidate GCC installation: /usr/lib/gcc/x86_64-linux-gnu/11
Selected GCC installation: /usr/lib/gcc/x86_64-linux-gnu/11
Candidate multilib: .;@m64
Selected multilib: .;@m64
Found CUDA installation: /usr/local/cuda, version 
 (in-process)
 "/opt/intel/oneapi/compiler/2024.0/bin/compiler/clang" -cc1 -triple x86_64-unknown-linux-gnu -emit-obj -disable-free -clear-ast-before-backend -disable-llvm-verifier -discard-value-names -main-file-name CMakeCXXCompilerABI.cpp -mrelocation-model static -fveclib=SVML -mframe-pointer=none -menable-no-infs -menable-no-nans -fapprox-func -funsafe-math-optimizations -fno-signed-zeros -mreassociate -freciprocal-math -fdenormal-fp-math=preserve-sign,preserve-sign -ffp-contract=fast -fno-rounding-math -ffast-math -ffinite-math-only -mconstructor-aliases -funwind-tables=2 -target-cpu x86-64 -mllvm -x86-enable-unaligned-vector-move=true -tune-cpu generic -debugger-tuning=gdb -v -fcoverage-compilation-dir=/home/vt/git_target/hpa-2110452-min-dom-set/cmake-build-release-wsl-intel/CMakeFiles/CMakeTmp -resource-dir /opt/intel/oneapi/compiler/2024.0/lib/clang/17 -dependency-file CMakeFiles/cmTC_c4df7.dir/CMakeCXXCompilerABI.cpp.o.d -MT CMakeFiles/cmTC_c4df7.dir/CMakeCXXCompilerABI.cpp.o -sys-header-deps -canonical-system-headers -internal-isystem /opt/intel/oneapi/compiler/2024.0/bin/compiler/../../opt/compiler/include -internal-isystem /usr/lib/gcc/x86_64-linux-gnu/11/../../../../include/c++/11 -internal-isystem /usr/lib/gcc/x86_64-linux-gnu/11/../../../../include/x86_64-linux-gnu/c++/11 -internal-isystem /usr/lib/gcc/x86_64-linux-gnu/11/../../../../include/c++/11/backward -internal-isystem /opt/intel/oneapi/compiler/2024.0/lib/clang/17/include -internal-isystem /usr/local/include -internal-isystem /usr/lib/gcc/x86_64-linux-gnu/11/../../../../x86_64-linux-gnu/include -internal-externc-isystem /usr/include/x86_64-linux-gnu -internal-externc-isystem /include -internal-externc-isystem /usr/include -O2 -fdeprecated-macro -fdebug-compilation-dir=/home/vt/git_target/hpa-2110452-min-dom-set/cmake-build-release-wsl-intel/CMakeFiles/CMakeTmp -ferror-limit 19 -fheinous-gnu-extensions -fgnuc-version=4.2.1 -fcxx-exceptions -fexceptions -vectorize-loops -vectorize-slp -D__GCC_HAVE_DWARF2_CFI_ASM=1 -fintel-compatibility -fintel-libirc-allowed -mllvm -disable-hir-generate-mkl-call -mllvm -loopopt=1 -floopopt-pipeline=light -mllvm -intel-abi-compatible=true -o CMakeFiles/cmTC_c4df7.dir/CMakeCXXCompilerABI.cpp.o -x c++ /usr/share/cmake-3.22/Modules/CMakeCXXCompilerABI.cpp
clang -cc1 version 17.0.0 based upon LLVM 17.0.0git default target x86_64-unknown-linux-gnu
ignoring nonexistent directory "/usr/lib/gcc/x86_64-linux-gnu/11/../../../../x86_64-linux-gnu/include"
ignoring nonexistent directory "/include"
#include "..." search starts here:
#include <...> search starts here:
 /opt/intel/oneapi/compiler/2024.0/bin/compiler/../../opt/compiler/include
 /usr/lib/gcc/x86_64-linux-gnu/11/../../../../include/c++/11
 /usr/lib/gcc/x86_64-linux-gnu/11/../../../../include/x86_64-linux-gnu/c++/11
 /usr/lib/gcc/x86_64-linux-gnu/11/../../../../include/c++/11/backward
 /opt/intel/oneapi/compiler/2024.0/lib/clang/17/include
 /usr/local/include
 /usr/include/x86_64-linux-gnu
 /usr/include
End of search list.
Linking CXX executable cmTC_c4df7
/usr/bin/cmake -E cmake_link_script CMakeFiles/cmTC_c4df7.dir/link.txt --verbose=1
/opt/intel/oneapi/compiler/2024.0/bin/icpx  -v CMakeFiles/cmTC_c4df7.dir/CMakeCXXCompilerABI.cpp.o -o cmTC_c4df7 
Intel(R) oneAPI DPC++/C++ Compiler 2024.0.2 (2024.0.2.20231213)
Target: x86_64-unknown-linux-gnu
Thread model: posix
InstalledDir: /opt/intel/oneapi/compiler/2024.0/bin/compiler
Configuration file: /opt/intel/oneapi/compiler/2024.0/bin/compiler/../icpx.cfg
Found candidate GCC installation: /usr/lib/gcc/x86_64-linux-gnu/11
Selected GCC installation: /usr/lib/gcc/x86_64-linux-gnu/11
Candidate multilib: .;@m64
Selected multilib: .;@m64
Found CUDA installation: /usr/local/cuda, version 
 "/usr/bin/ld" -z relro --hash-style=gnu --eh-frame-hdr -m elf_x86_64 -dynamic-linker /lib64/ld-linux-x86-64.so.2 -o cmTC_c4df7 /lib/x86_64-linux-gnu/Scrt1.o /lib/x86_64-linux-gnu/crti.o /usr/lib/gcc/x86_64-linux-gnu/11/crtbeginS.o -L/opt/intel/oneapi/compiler/2024.0/bin/compiler/../../lib -L/opt/intel/oneapi/compiler/2024.0/bin/compiler/../../lib -L/opt/intel/oneapi/compiler/2024.0/lib/clang/17/lib/x86_64-unknown-linux-gnu -L/opt/intel/oneapi/compiler/2024.0/bin/compiler/../../lib -L/usr/lib/gcc/x86_64-linux-gnu/11 -L/usr/lib/gcc/x86_64-linux-gnu/11/../../../../lib64 -L/lib/x86_64-linux-gnu -L/lib/../lib64 -L/usr/lib/x86_64-linux-gnu -L/usr/lib/../lib64 -L/usr/lib/gcc/x86_64-linux-gnu/11/../../.. -L/opt/intel/oneapi/compiler/2024.0/bin/compiler/../../lib -L/opt/intel/oneapi/compiler/2024.0/bin/compiler/../../opt/compiler/lib -L/lib -L/usr/lib CMakeFiles/cmTC_c4df7.dir/CMakeCXXCompilerABI.cpp.o -Bstatic -lsvml -Bdynamic -Bstatic -lirng -Bdynamic -lstdc++ -Bstatic -limf -Bdynamic -lm -lgcc_s -lgcc -Bstatic -lirc -Bdynamic -ldl -lgcc_s -lgcc -lc -lgcc_s -lgcc -Bstatic -lirc_s -Bdynamic /usr/lib/gcc/x86_64-linux-gnu/11/crtendS.o /lib/x86_64-linux-gnu/crtn.o
gmake[1]: Leaving directory '/home/vt/git_target/hpa-2110452-min-dom-set/cmake-build-release-wsl-intel/CMakeFiles/CMakeTmp'



Parsed CXX implicit include dir info from above output: rv=done
  found start of include info
  found start of implicit include info
    add: [/opt/intel/oneapi/compiler/2024.0/bin/compiler/../../opt/compiler/include]
    add: [/usr/lib/gcc/x86_64-linux-gnu/11/../../../../include/c++/11]
    add: [/usr/lib/gcc/x86_64-linux-gnu/11/../../../../include/x86_64-linux-gnu/c++/11]
    add: [/usr/lib/gcc/x86_64-linux-gnu/11/../../../../include/c++/11/backward]
    add: [/opt/intel/oneapi/compiler/2024.0/lib/clang/17/include]
    add: [/usr/local/include]
    add: [/usr/include/x86_64-linux-gnu]
    add: [/usr/include]
  end of search list found
  collapse include dir [/opt/intel/oneapi/compiler/2024.0/bin/compiler/../../opt/compiler/include] ==> [/opt/intel/oneapi/compiler/2024.0/opt/compiler/include]
  collapse include dir [/usr/lib/gcc/x86_64-linux-gnu/11/../../../../include/c++/11] ==> [/usr/include/c++/11]
  collapse include dir [/usr/lib/gcc/x86_64-linux-gnu/11/../../../../include/x86_64-linux-gnu/c++/11] ==> [/usr/include/x86_64-linux-gnu/c++/11]
  collapse include dir [/usr/lib/gcc/x86_64-linux-gnu/11/../../../../include/c++/11/backward] ==> [/usr/include/c++/11/backward]
  collapse include dir [/opt/intel/oneapi/compiler/2024.0/lib/clang/17/include] ==> [/opt/intel/oneapi/compiler/2024.0/lib/clang/17/include]
  collapse include dir [/usr/local/include] ==> [/usr/local/include]
  collapse include dir [/usr/include/x86_64-linux-gnu] ==> [/usr/include/x86_64-linux-gnu]
  collapse include dir [/usr/include] ==> [/usr/include]
  implicit include dirs: [/opt/intel/oneapi/compiler/2024.0/opt/compiler/include;/usr/include/c++/11;/usr/include/x86_64-linux-gnu/c++/11;/usr/include/c++/11/backward;/opt/intel/oneapi/compiler/2024.0/lib/clang/17/include;/usr/local/include;/usr/include/x86_64-linux-gnu;/usr/include]


Parsed CXX implicit link information from above output:
  link line regex: [^( *|.*[/\])(ld|CMAKE_LINK_STARTFILE-NOTFOUND|([^/\]+-)?ld|collect2)[^/\]*( |$)]
  ignore line: [Change Dir: /home/vt/git_target/hpa-2110452-min-dom-set/cmake-build-release-wsl-intel/CMakeFiles/CMakeTmp]
  ignore line: []
  ignore line: [Run Build Command(s):/usr/bin/gmake -f Makefile cmTC_c4df7/fast && /usr/bin/gmake  -f CMakeFiles/cmTC_c4df7.dir/build.make CMakeFiles/cmTC_c4df7.dir/build]
  ignore line: [gmake[1]: Entering directory '/home/vt/git_target/hpa-2110452-min-dom-set/cmake-build-release-wsl-intel/CMakeFiles/CMakeTmp']
  ignore line: [Building CXX object CMakeFiles/cmTC_c4df7.dir/CMakeCXXCompilerABI.cpp.o]
  ignore line: [/opt/intel/oneapi/compiler/2024.0/bin/icpx   -v -MD -MT CMakeFiles/cmTC_c4df7.dir/CMakeCXXCompilerABI.cpp.o -MF CMakeFiles/cmTC_c4df7.dir/CMakeCXXCompilerABI.cpp.o.d -o CMakeFiles/cmTC_c4df7.dir/CMakeCXXCompilerABI.cpp.o -c /usr/share/cmake-3.22/Modules/CMakeCXXCompilerABI.cpp]
  ignore line: [Intel(R) oneAPI DPC++/C++ Compiler 2024.0.2 (2024.0.2.20231213)]
  ignore line: [Target: x86_64-unknown-linux-gnu]
  ignore line: [Thread model: posix]
  ignore line: [InstalledDir: /opt/intel/oneapi/compiler/2024.0/bin/compiler]
  ignore line: [Configuration file: /opt/intel/oneapi/compiler/2024.0/bin/compiler/../icpx.cfg]
  ignore line: [Found candidate GCC installation: /usr/lib/gcc/x86_64-linux-gnu/11]
  ignore line: [Selected GCC installation: /usr/lib/gcc/x86_64-linux-gnu/11]
  ignore line: [Candidate multilib: .]
  ignore line: [@m64]
  ignore line: [Selected multilib: .]
  ignore line: [@m64]
  ignore line: [Found CUDA installation: /usr/local/cuda  version ]
  ignore line: [ (in-process)]
  ignore line: [ "/opt/intel/oneapi/compiler/2024.0/bin/compiler/clang" -cc1 -triple x86_64-unknown-linux-gnu -emit-obj -disable-free -clear-ast-before-backend -disable-llvm-verifier -discard-value-names -main-file-name CMakeCXXCompilerABI.cpp -mrelocation-model static -fveclib=SVML -mframe-pointer=none -menable-no-infs -menable-no-nans -fapprox-func -funsafe-math-optimizations -fno-signed-zeros -mreassociate -freciprocal-math -fdenormal-fp-math=preserve-sign preserve-sign -ffp-contract=fast -fno-rounding-math -ffast-math -ffinite-math-only -mconstructor-aliases -funwind-tables=2 -target-cpu x86-64 -mllvm -x86-enable-unaligned-vector-move=true -tune-cpu generic -debugger-tuning=gdb -v -fcoverage-compilation-dir=/home/vt/git_target/hpa-2110452-min-dom-set/cmake-build-release-wsl-intel/CMakeFiles/CMakeTmp -resource-dir /opt/intel/oneapi/compiler/2024.0/lib/clang/17 -dependency-file CMakeFiles/cmTC_c4df7.dir/CMakeCXXCompilerABI.cpp.o.d -MT CMakeFiles/cmTC_c4df7.dir/CMakeCXXCompilerABI.cpp.o -sys-header-deps -canonical-system-headers -internal-isystem /opt/intel/oneapi/compiler/2024.0/bin/compiler/../../opt/compiler/include -internal-isystem /usr/lib/gcc/x86_64-linux-gnu/11/../../../../include/c++/11 -internal-isystem /usr/lib/gcc/x86_64-linux-gnu/11/../../../../include/x86_64-linux-gnu/c++/11 -internal-isystem /usr/lib/gcc/x86_64-linux-gnu/11/../../../../include/c++/11/backward -internal-isystem /opt/intel/oneapi/compiler/2024.0/lib/clang/17/include -internal-isystem /usr/local/include -internal-isystem /usr/lib/gcc/x86_64-linux-gnu/11/../../../../x86_64-linux-gnu/include -internal-externc-isystem /usr/include/x86_64-linux-gnu -internal-externc-isystem /include -internal-externc-isystem /usr/include -O2 -fdeprecated-macro -fdebug-compilation-dir=/home/vt/git_target/hpa-2110452-min-dom-set/cmake-build-release-wsl-intel/CMakeFiles/CMakeTmp -ferror-limit 19 -fheinous-gnu-extensions -fgnuc-version=4.2.1 -fcxx-exceptions -fexceptions -vectorize-loops -vectorize-slp -D__GCC_HAVE_DWARF2_CFI_ASM=1 -fintel-compatibility -fintel-libirc-allowed -mllvm -disable-hir-generate-mkl-call -mllvm -loopopt=1 -floopopt-pipeline=light -mllvm -intel-abi-compatible=true -o CMakeFiles/cmTC_c4df7.dir/CMakeCXXCompilerABI.cpp.o -x c++ /usr/share/cmake-3.22/Modules/CMakeCXXCompilerABI.cpp]
  ignore line: [clang -cc1 version 17.0.0 based upon LLVM 17.0.0git default target x86_64-unknown-linux-gnu]
  ignore line: [ignoring nonexistent directory "/usr/lib/gcc/x86_64-linux-gnu/11/../../../../x86_64-linux-gnu/include"]
  ignore line: [ignoring nonexistent directory "/include"]
  ignore line: [#include "..." search starts here:]
  ignore line: [#include <...> search starts here:]
  ignore line: [ /opt/intel/oneapi/compiler/2024.0/bin/compiler/../../opt/compiler/include]
  ignore line: [ /usr/lib/gcc/x86_64-linux-gnu/11/../../../../include/c++/11]
  ignore line: [ /usr/lib/gcc/x86_64-linux-gnu/11/../../../../include/x86_64-linux-gnu/c++/11]
  ignore line: [ /usr/lib/gcc/x86_64-linux-gnu/11/../../../../include/c++/11/backward]
  ignore line: [ /opt/intel/oneapi/compiler/2024.0/lib/clang/17/include]
  ignore line: [ /usr/local/include]
  ignore line: [ /usr/include/x86_64-linux-gnu]
  ignore line: [ /usr/include]
  ignore line: [End of search list.]
  ignore line: [Linking CXX executable cmTC_c4df7]
  ignore line: [/usr/bin/cmake -E cmake_link_script CMakeFiles/cmTC_c4df7.dir/link.txt --verbose=1]
  ignore line: [/opt/intel/oneapi/compiler/2024.0/bin/icpx  -v CMakeFiles/cmTC_c4df7.dir/CMakeCXXCompilerABI.cpp.o -o cmTC_c4df7 ]
  ignore line: [Intel(R) oneAPI DPC++/C++ Compiler 2024.0.2 (2024.0.2.20231213)]
  ignore line: [Target: x86_64-unknown-linux-gnu]
  ignore line: [Thread model: posix]
  ignore line: [InstalledDir: /opt/intel/oneapi/compiler/2024.0/bin/compiler]
  ignore line: [Configuration file: /opt/intel/oneapi/compiler/2024.0/bin/compiler/../icpx.cfg]
  ignore line: [Found candidate GCC installation: /usr/lib/gcc/x86_64-linux-gnu/11]
  ignore line: [Selected GCC installation: /usr/lib/gcc/x86_64-linux-gnu/11]
  ignore line: [Candidate multilib: .]
  ignore line: [@m64]
  ignore line: [Selected multilib: .]
  ignore line: [@m64]
  ignore line: [Found CUDA installation: /usr/local/cuda  version ]
  link line: [ "/usr/bin/ld" -z relro --hash-style=gnu --eh-frame-hdr -m elf_x86_64 -dynamic-linker /lib64/ld-linux-x86-64.so.2 -o cmTC_c4df7 /lib/x86_64-linux-gnu/Scrt1.o /lib/x86_64-linux-gnu/crti.o /usr/lib/gcc/x86_64-linux-gnu/11/crtbeginS.o -L/opt/intel/oneapi/compiler/2024.0/bin/compiler/../../lib -L/opt/intel/oneapi/compiler/2024.0/bin/compiler/../../lib -L/opt/intel/oneapi/compiler/2024.0/lib/clang/17/lib/x86_64-unknown-linux-gnu -L/opt/intel/oneapi/compiler/2024.0/bin/compiler/../../lib -L/usr/lib/gcc/x86_64-linux-gnu/11 -L/usr/lib/gcc/x86_64-linux-gnu/11/../../../../lib64 -L/lib/x86_64-linux-gnu -L/lib/../lib64 -L/usr/lib/x86_64-linux-gnu -L/usr/lib/../lib64 -L/usr/lib/gcc/x86_64-linux-gnu/11/../../.. -L/opt/intel/oneapi/compiler/2024.0/bin/compiler/../../lib -L/opt/intel/oneapi/compiler/2024.0/bin/compiler/../../opt/compiler/lib -L/lib -L/usr/lib CMakeFiles/cmTC_c4df7.dir/CMakeCXXCompilerABI.cpp.o -Bstatic -lsvml -Bdynamic -Bstatic -lirng -Bdynamic -lstdc++ -Bstatic -limf -Bdynamic -lm -lgcc_s -lgcc -Bstatic -lirc -Bdynamic -ldl -lgcc_s -lgcc -lc -lgcc_s -lgcc -Bstatic -lirc_s -Bdynamic /usr/lib/gcc/x86_64-linux-gnu/11/crtendS.o /lib/x86_64-linux-gnu/crtn.o]
    arg [/usr/bin/ld] ==> ignore
    arg [-zrelro] ==> ignore
    arg [--hash-style=gnu] ==> ignore
    arg [--eh-frame-hdr] ==> ignore
    arg [-m] ==> ignore
    arg [elf_x86_64] ==> ignore
    arg [-dynamic-linker] ==> ignore
    arg [/lib64/ld-linux-x86-64.so.2] ==> ignore
    arg [-o] ==> ignore
    arg [cmTC_c4df7] ==> ignore
    arg [/lib/x86_64-linux-gnu/Scrt1.o] ==> obj [/lib/x86_64-linux-gnu/Scrt1.o]
    arg [/lib/x86_64-linux-gnu/crti.o] ==> obj [/lib/x86_64-linux-gnu/crti.o]
    arg [/usr/lib/gcc/x86_64-linux-gnu/11/crtbeginS.o] ==> obj [/usr/lib/gcc/x86_64-linux-gnu/11/crtbeginS.o]
    arg [-L/opt/intel/oneapi/compiler/2024.0/bin/compiler/../../lib] ==> dir [/opt/intel/oneapi/compiler/2024.0/bin/compiler/../../lib]
    arg [-L/opt/intel/oneapi/compiler/2024.0/bin/compiler/../../lib] ==> dir [/opt/intel/oneapi/compiler/2024.0/bin/compiler/../../lib]
    arg [-L/opt/intel/oneapi/compiler/2024.0/lib/clang/17/lib/x86_64-unknown-linux-gnu] ==> dir [/opt/intel/oneapi/compiler/2024.0/lib/clang/17/lib/x86_64-unknown-linux-gnu]
    arg [-L/opt/intel/oneapi/compiler/2024.0/bin/compiler/../../lib] ==> dir [/opt/intel/oneapi/compiler/2024.0/bin/compiler/../../lib]
    arg [-L/usr/lib/gcc/x86_64-linux-gnu/11] ==> dir [/usr/lib/gcc/x86_64-linux-gnu/11]
    arg [-L/usr/lib/gcc/x86_64-linux-gnu/11/../../../../lib64] ==> dir [/usr/lib/gcc/x86_64-linux-gnu/11/../../../../lib64]
    arg [-L/lib/x86_64-linux-gnu] ==> dir [/lib/x86_64-linux-gnu]
    arg [-L/lib/../lib64] ==> dir [/lib/../lib64]
    arg [-L/usr/lib/x86_64-linux-gnu] ==> dir [/usr/lib/x86_64-linux-gnu]
    arg [-L/usr/lib/../lib64] ==> dir [/usr/lib/../lib64]
    arg [-L/usr/lib/gcc/x86_64-linux-gnu/11/../../..] ==> dir [/usr/lib/gcc/x86_64-linux-gnu/11/../../..]
    arg [-L/opt/intel/oneapi/compiler/2024.0/bin/compiler/../../lib] ==> dir [/opt/intel/oneapi/compiler/2024.0/bin/compiler/../../lib]
    arg [-L/opt/intel/oneapi/compiler/2024.0/bin/compiler/../../opt/compiler/lib] ==> dir [/opt/intel/oneapi/compiler/2024.0/bin/compiler/../../opt/compiler/lib]
    arg [-L/lib] ==> dir [/lib]
    arg [-L/usr/lib] ==> dir [/usr/lib]
    arg [CMakeFiles/cmTC_c4df7.dir/CMakeCXXCompilerABI.cpp.o] ==> ignore
    arg [-Bstatic] ==> search static
    arg [-lsvml] ==> lib [svml]
    arg [-Bdynamic] ==> search dynamic
    arg [-Bstatic] ==> search static
    arg [-lirng] ==> lib [irng]
    arg [-Bdynamic] ==> search dynamic
    arg [-lstdc++] ==> lib [stdc++]
    arg [-Bstatic] ==> search static
    arg [-limf] ==> lib [imf]
    arg [-Bdynamic] ==> search dynamic
    arg [-lm] ==> lib [m]
    arg [-lgcc_s] ==> lib [gcc_s]
    arg [-lgcc] ==> lib [gcc]
    arg [-Bstatic] ==> search static
    arg [-lirc] ==> lib [irc]
    arg [-Bdynamic] ==> search dynamic
    arg [-ldl] ==> lib [dl]
    arg [-lgcc_s] ==> lib [gcc_s]
    arg [-lgcc] ==> lib [gcc]
    arg [-lc] ==> lib [c]
    arg [-lgcc_s] ==> lib [gcc_s]
    arg [-lgcc] ==> lib [gcc]
    arg [-Bstatic] ==> search static
    arg [-lirc_s] ==> lib [irc_s]
    arg [-Bdynamic] ==> search dynamic
    arg [/usr/lib/gcc/x86_64-linux-gnu/11/crtendS.o] ==> obj [/usr/lib/gcc/x86_64-linux-gnu/11/crtendS.o]
    arg [/lib/x86_64-linux-gnu/crtn.o] ==> obj [/lib/x86_64-linux-gnu/crtn.o]
  collapse library dir [/opt/intel/oneapi/compiler/2024.0/bin/compiler/../../lib] ==> [/opt/intel/oneapi/compiler/2024.0/lib]
  collapse library dir [/opt/intel/oneapi/compiler/2024.0/bin/compiler/../../lib] ==> [/opt/intel/oneapi/compiler/2024.0/lib]
  collapse library dir [/opt/intel/oneapi/compiler/2024.0/lib/clang/17/lib/x86_64-unknown-linux-gnu] ==> [/opt/intel/oneapi/compiler/2024.0/lib/clang/17/lib/x86_64-unknown-linux-gnu]
  collapse library dir [/opt/intel/oneapi/compiler/2024.0/bin/compiler/../../lib] ==> [/opt/intel/oneapi/compiler/2024.0/lib]
  collapse library dir [/usr/lib/gcc/x86_64-linux-gnu/11] ==> [/usr/lib/gcc/x86_64-linux-gnu/11]
  collapse library dir [/usr/lib/gcc/x86_64-linux-gnu/11/../../../../lib64] ==> [/usr/lib64]
  collapse library dir [/lib/x86_64-linux-gnu] ==> [/lib/x86_64-linux-gnu]
  collapse library dir [/lib/../lib64] ==> [/lib64]
  collapse library dir [/usr/lib/x86_64-linux-gnu] ==> [/usr/lib/x86_64-linux-gnu]
  collapse library dir [/usr/lib/../lib64] ==> [/usr/lib64]
  collapse library dir [/usr/lib/gcc/x86_64-linux-gnu/11/../../..] ==> [/usr/lib]
  collapse library dir [/opt/intel/oneapi/compiler/2024.0/bin/compiler/../../lib] ==> [/opt/intel/oneapi/compiler/2024.0/lib]
  collapse library dir [/opt/intel/oneapi/compiler/2024.0/bin/compiler/../../opt/compiler/lib] ==> [/opt/intel/oneapi/compiler/2024.0/opt/compiler/lib]
  collapse library dir [/lib] ==> [/lib]
  collapse library dir [/usr/lib] ==> [/usr/lib]
  implicit libs: [svml;irng;stdc++;imf;m;gcc_s;gcc;irc;dl;gcc_s;gcc;c;gcc_s;gcc;irc_s]
  implicit objs: [/lib/x86_64-linux-gnu/Scrt1.o;/lib/x86_64-linux-gnu/crti.o;/usr/lib/gcc/x86_64-linux-gnu/11/crtbeginS.o;/usr/lib/gcc/x86_64-linux-gnu/11/crtendS.o;/lib/x86_64-linux-gnu/crtn.o]
  implicit dirs: [/opt/intel/oneapi/compiler/2024.0/lib;/opt/intel/oneapi/compiler/2024.0/lib/clang/17/lib/x86_64-unknown-linux-gnu;/usr/lib/gcc/x86_64-linux-gnu/11;/usr/lib64;/lib/x86_64-linux-gnu;/lib64;/usr/lib/x86_64-linux-gnu;/usr/lib;/opt/intel/oneapi/compiler/2024.0/opt/compiler/lib;/lib]
  implicit fwks: []


